   1               		.file	"wake-on-shake.c"
   2               	__SP_L__ = 0x3d
   3               	__SREG__ = 0x3f
   4               	__tmp_reg__ = 0
   5               	__zero_reg__ = 1
   6               		.text
   7               	.Ltext0:
   8               		.cfi_sections	.debug_frame
   9               	.global	EEPROMRetrieve
  11               	EEPROMRetrieve:
  12               	.LFB1:
  13               		.file 1 "wake-on-shake.c"
   1:wake-on-shake.c **** /******************************************************************************
   2:wake-on-shake.c **** Created 26 Nov 2012 by Mike Hord at SparkFun Electronics.
   3:wake-on-shake.c **** Wake-on-Shake hardware and firmware are released under the Creative Commons 
   4:wake-on-shake.c **** Share Alike v3.0 license:
   5:wake-on-shake.c **** 	http://creativecommons.org/licenses/by-sa/3.0/
   6:wake-on-shake.c **** Feel free to use, distribute, and sell variants of Wake-on-Shake. All we ask 
   7:wake-on-shake.c **** is that you include attribution of 'Based on Wake-on-Shake by SparkFun'.
   8:wake-on-shake.c **** 
   9:wake-on-shake.c **** Original wake-on-shake concept by Nitzan Gadish, Analog Devices
  10:wake-on-shake.c **** 
  11:wake-on-shake.c **** Wake-on-Shake is a simple but powerful board designed to power up a larger
  12:wake-on-shake.c **** circuit when it detects motion. The load has the option of holding its power
  13:wake-on-shake.c **** even after the Wake-on-Shake releases it, so the load circuit can complete its
  14:wake-on-shake.c **** "mission".
  15:wake-on-shake.c **** 
  16:wake-on-shake.c **** It also provides a very simple UI which can be used to set the time before
  17:wake-on-shake.c **** shutdown and wake-up sensitivity. There are other, more powerful features
  18:wake-on-shake.c **** available, but most users will not need them.
  19:wake-on-shake.c **** 
  20:wake-on-shake.c **** ******************************************************************************/
  21:wake-on-shake.c **** // avrdude programming string
  22:wake-on-shake.c **** //avrdude -p t2313 -B 10 -P usb -c avrispmkii -U flash:w:Wake-on-Shake.hex -U hfuse:w:0xdf:m -U lfu
  23:wake-on-shake.c **** 
  24:wake-on-shake.c **** #include <avr/io.h>
  25:wake-on-shake.c **** #include <avr/sleep.h>
  26:wake-on-shake.c **** #include <avr/interrupt.h>
  27:wake-on-shake.c **** #include "serial.h"
  28:wake-on-shake.c **** #include "eeprom.h"
  29:wake-on-shake.c **** #include "wake-on-shake.h"
  30:wake-on-shake.c **** #include "interrupts.h"
  31:wake-on-shake.c **** #include "spi.h"
  32:wake-on-shake.c **** #include "ADXL362.h"
  33:wake-on-shake.c **** #include "xl362.h"
  34:wake-on-shake.c **** #include "ui.h"
  35:wake-on-shake.c **** 
  36:wake-on-shake.c **** uint16_t			t1Offset;			// This value, when written to TCNT1, 
  37:wake-on-shake.c **** 										//   is the offset to the delay before
  38:wake-on-shake.c **** 										//   sleep. It is 65535 - (delay)ms.
  39:wake-on-shake.c **** volatile uint8_t	sleepyTime = FALSE; // Flag used to communicate from the
  40:wake-on-shake.c **** 										//   ISR to the main program to send
  41:wake-on-shake.c **** 										//   the device into sleep mode.
  42:wake-on-shake.c **** volatile uint8_t    serialRxData = 0;	// Data passing variable to get data
  43:wake-on-shake.c **** 										//   from the receive ISR back to main.
  44:wake-on-shake.c **** 										
  45:wake-on-shake.c **** // main(). If you don't know what this is, you need to do some serious
  46:wake-on-shake.c **** //  work on your fundamentals.
  47:wake-on-shake.c **** 
  48:wake-on-shake.c **** int main(void)
  49:wake-on-shake.c **** {
  50:wake-on-shake.c **** 	// First, let's configure the directions (in/out) of the various pins. Writing a
  51:wake-on-shake.c **** 	//   '1' to the appropriate bit in a DDRx register will render that pin an
  52:wake-on-shake.c **** 	//   output.
  53:wake-on-shake.c **** 	
  54:wake-on-shake.c **** 	// Port A- both pins are unused, so we'll make them both outputs and drive them
  55:wake-on-shake.c **** 	//   low to save power.
  56:wake-on-shake.c **** 	DDRA = (1<<PA1) | (1<<PA0);
  57:wake-on-shake.c **** 	// Port B- PB0-3 are unused; make them outputs and tie them low. PB4 is !CS
  58:wake-on-shake.c **** 	//   for the ADXL362, so it should be an output. PB5 is MISO from the ADXL362, so
  59:wake-on-shake.c **** 	//   leave it an input. PB6 is MOSI to ADXL362, and PB7 is SCK, so they should be
  60:wake-on-shake.c **** 	//   outputs.
  61:wake-on-shake.c **** 	DDRB = (1<<PB7) | (1<<PB6) | (1<<PB4) | (1<<PB3) | (1<<PB2)| (1<<PB1) | (1<<PB0);
  62:wake-on-shake.c **** 	// No port C pins on this chip
  63:wake-on-shake.c **** 	// Port D- PD0 is the serial receive input. PD1 is serial transmit output. PD2 is
  64:wake-on-shake.c **** 	//   is an external interrupt used to wake the processor on serial activity. PD3
  65:wake-on-shake.c **** 	//   is the interrupt from the ADXL362, used to wake the device on detected
  66:wake-on-shake.c **** 	//   motion. PD4 is the MOSFET turn-on signal, so should be an output. PD5 and
  67:wake-on-shake.c **** 	//   PD6 are unused; make them outputs and tie them low. PD7 doesn't exist.
  68:wake-on-shake.c **** 	DDRD = (1<<PD6) | (1<<PD5) | (1<<PD4) | (1<<PD1);
  69:wake-on-shake.c **** 	
  70:wake-on-shake.c **** 	// Now let's configure some initial IO states
  71:wake-on-shake.c **** 	
  72:wake-on-shake.c **** 	// Port A- both set low to reduce current consumption
  73:wake-on-shake.c **** 	PORTA = (0<<PA1) | (0<<PA0);
  74:wake-on-shake.c **** 	// Port B- PB0-3 should be low for power consumption; PB4 is !CS, so bring it
  75:wake-on-shake.c **** 	//   high to keep the ADXL362 non-selected. Others are don't care.
  76:wake-on-shake.c **** 	PORTB = (1<<PB4) | (0<<PB3) | (0<<PB2) | (0<<PB1) | (0<<PB0);
  77:wake-on-shake.c **** 	// Port C doesn't exist
  78:wake-on-shake.c **** 	// Port D- PD5 and PD6 should be tied low; others are (for now) don't care.
  79:wake-on-shake.c **** 	//   Also, PD2/PD0 should be made high to enable pullup resistor for when no
  80:wake-on-shake.c **** 	//   serial connection is present.
  81:wake-on-shake.c **** 	PORTD = (1<<PD6) | (1<<PD5) | (1<<PD2) | (1<<PD0);
  82:wake-on-shake.c **** 	
  83:wake-on-shake.c **** 	// Interrupt configuration is next. We'll need two interrupts: INT0 and INT1.
  84:wake-on-shake.c **** 	//   INT0 will wiggle when a serial connection occurs. INT1 will wiggle when
  85:wake-on-shake.c **** 	//   the ADXL362 detects motion and wakes up.
  86:wake-on-shake.c **** 	
  87:wake-on-shake.c **** 	// MCUCR- Bits 0:3 control the interrupt event we want to be sensitive to.
  88:wake-on-shake.c **** 	//   We'll set it so a low level is what each pin is looking for.
  89:wake-on-shake.c **** 	MCUCR = (0<<ISC11) | (0<<ISC10) | (0<<ISC01) | (0<<ISC00);
  90:wake-on-shake.c **** 	// GIMSK- These are mask bits for the pin change interrupts. Writing a '1'
  91:wake-on-shake.c **** 	//   enables the appropriate interrupt.
  92:wake-on-shake.c **** 	GIMSK = (0<<INT1) | (0<<INT0);
  93:wake-on-shake.c **** 	
  94:wake-on-shake.c **** 	// Now, set up the USI peripheral for communication with the ADXL362 part.
  95:wake-on-shake.c **** 	//   The ADXL362 uses SPI Mode 0- CPHA = CPOL = 0.
  96:wake-on-shake.c **** 	
  97:wake-on-shake.c **** 	// UISCR- USWM1:0 are mode select pins; 01 is three-wire mode.
  98:wake-on-shake.c **** 	//   USICS1:0 are clock source select pins; 10 is software control.
  99:wake-on-shake.c **** 	//   USICLK puts the 4-bit data counter under software control.
 100:wake-on-shake.c **** 	//   Strobing USITC toggles the 4-bit clock signal.
 101:wake-on-shake.c **** 	USICR = (0<<USIWM1) | (1<<USIWM0) | (1<<USICS1) | (0<<USICS0) | (1<<USICLK);
 102:wake-on-shake.c **** 	// USISR- Writing '1' to USIOIF will clear the 4-bit counter overflow
 103:wake-on-shake.c **** 	//   flag and ready it for the next transfer. Implicit here is a write
 104:wake-on-shake.c **** 	//   of zeroes to bits 3:0 of this register, which also clears the 4-bit
 105:wake-on-shake.c **** 	//   counter.
 106:wake-on-shake.c **** 	USISR = (1<<USIOIF);
 107:wake-on-shake.c **** 	
 108:wake-on-shake.c **** 	// Set up the USART peripheral for writing in and out. This isn't used
 109:wake-on-shake.c **** 	//   during normal operation- only during user configuration. We'll
 110:wake-on-shake.c **** 	//   set the mode to 9600 baud, 8-N-1. Pretty standard, really.
 111:wake-on-shake.c **** 
 112:wake-on-shake.c **** 	// For 9600 baud, at 1.000MHz (which is our clock speed, since we're
 113:wake-on-shake.c **** 	//   using the internal oscillator clocked down), UBRR should be set to
 114:wake-on-shake.c **** 	//   12, and the U2X bit of UCSRA should be set to '1'.
 115:wake-on-shake.c **** 	UBRRH = 0;
 116:wake-on-shake.c **** 	UBRRL = 12;
 117:wake-on-shake.c **** 	UCSRA = (1<<U2X);
 118:wake-on-shake.c **** 	// UCSRB- RXEN and TXEN enable the transmit and receive circuitry.
 119:wake-on-shake.c **** 	//   UCSZ2 is a frame size bit; when set to 0 (as here), the size is
 120:wake-on-shake.c **** 	//   determined by UCSZ1:0 in UCSRC. RXCIE is the receive interrupt
 121:wake-on-shake.c **** 	//   enable bit; we want that interrupt for handling incoming settings
 122:wake-on-shake.c **** 	//   changes while the part is awake.
 123:wake-on-shake.c **** 	UCSRB = (1<<RXCIE) | (1<<RXEN) | (1<<TXEN);
 124:wake-on-shake.c **** 	// UCSRC- Setting UCSZ1:0 to '1' gives us an 8-bit frame size. There
 125:wake-on-shake.c **** 	//   are provisions in this register for synchronous mode, parity,
 126:wake-on-shake.c **** 	//   and stop-bit count, but we'll ignore them.
 127:wake-on-shake.c **** 	UCSRC = (1<<UCSZ1) | (1<<UCSZ0);
 128:wake-on-shake.c **** 
 129:wake-on-shake.c **** 	// set_sleep_mode() is a nice little macro from the sleep library which
 130:wake-on-shake.c **** 	//   sets the stage nicely for sleep; after this, all you need to do is
 131:wake-on-shake.c **** 	//   call sleep_mode() to put the processor to sleep. Power Down mode is
 132:wake-on-shake.c **** 	//   the lowest possible sleep power state; all clocks are stopped and
 133:wake-on-shake.c **** 	//   only an external interrupt can wake the processor.
 134:wake-on-shake.c **** 	set_sleep_mode(SLEEP_MODE_PWR_DOWN);
 135:wake-on-shake.c **** 	
 136:wake-on-shake.c **** 	// Check to make sure the EEPROM has been configured for first use by
 137:wake-on-shake.c **** 	//   looking at the "key" location. If not, configure it.
 138:wake-on-shake.c **** 	if (EEPROMReadByte((uint8_t)KEY_ADDR) != KEY) EEPROMConfig();
 139:wake-on-shake.c **** 	
 140:wake-on-shake.c **** 	// EEPROMRetrieve() pulls the various operational parameters out of
 141:wake-on-shake.c **** 	//   EEPROM and puts them in SRAM.
 142:wake-on-shake.c **** 	EEPROMRetrieve();
 143:wake-on-shake.c **** 	
 144:wake-on-shake.c **** 	// Configure the ADXL362 with the info we just pulled from EEPROM.
 145:wake-on-shake.c **** 	ADXLConfig();
 146:wake-on-shake.c **** 
 147:wake-on-shake.c **** 	// We need to set up Timer1 as an overflow interrupt so the device can
 148:wake-on-shake.c **** 	//   stay awake long enough for the user to input some parameters.
 149:wake-on-shake.c **** 	//   Timer1 is a 16-bit counter; I'm going to set it up so that it ticks
 150:wake-on-shake.c **** 	//   over every 10 seconds when the device is awake, and when it ticks,
 151:wake-on-shake.c **** 	//   the device drops back into sleep.
 152:wake-on-shake.c **** 	// TCCR1B- 101 in CS1 bits divides the clock by 1024; ~one count per ms.
 153:wake-on-shake.c **** 	TCCR1B = (1<<CS12) | (0<<CS11) | (1<<CS10);
 154:wake-on-shake.c **** 	// TCNT1- When this hits 65,536, an overflow interrupt occurs. By
 155:wake-on-shake.c **** 	//   "priming" it, we reduce the time until an interrupt occurs.
 156:wake-on-shake.c **** 	//   The if/else is to prevent the user accidentally
 157:wake-on-shake.c **** 	//   setting it so low that the part goes back to sleep before it can be
 158:wake-on-shake.c **** 	//   reprogrammed by the user through the command line.
 159:wake-on-shake.c **** 	TCNT1 = t1Offset;
 160:wake-on-shake.c **** 	// TIMSK- Set TOIE1 to enable Timer1 overflow interrupt
 161:wake-on-shake.c **** 	TIMSK = (1<<TOIE1);
 162:wake-on-shake.c **** 	
 163:wake-on-shake.c **** 	// loadOn() is a simple function that turns on the load. We'll turn it on
 164:wake-on-shake.c **** 	//   now and leave it on until sleep.
 165:wake-on-shake.c **** 	loadOn();
 166:wake-on-shake.c **** 		
 167:wake-on-shake.c **** 	// sei() is a macro that basically executes the single instruction
 168:wake-on-shake.c **** 	//   global interrupt enable function. Up until now, interrupt sources
 169:wake-on-shake.c **** 	//   are ignored. We will turn this on and leave it on, unless we need
 170:wake-on-shake.c **** 	//   to perform some sensitive tasks which require interrupts disabled
 171:wake-on-shake.c **** 	//   for a time.
 172:wake-on-shake.c **** 	sei();
 173:wake-on-shake.c **** 	
 174:wake-on-shake.c **** 	// Okay, now we can move forward with our main application code. This loop
 175:wake-on-shake.c **** 	//   will just run over and over forever, waiting for signals from interrupts
 176:wake-on-shake.c **** 	//   to tell it what to do.
 177:wake-on-shake.c **** 	printMenu();
 178:wake-on-shake.c **** 	while(1)
 179:wake-on-shake.c **** 	{
 180:wake-on-shake.c **** 		// The main functionality is to go to sleep when there's been no activity
 181:wake-on-shake.c **** 		//   for some time; if Timer1 manages to overflow, it will set sleepyTime
 182:wake-on-shake.c **** 		//   true.
 183:wake-on-shake.c **** 		if (sleepyTime == TRUE)
 184:wake-on-shake.c **** 		{
 185:wake-on-shake.c **** 			serialWrite("z");			// Let the user know sleep mode is coming.
 186:wake-on-shake.c **** 			ADXLConfig();
 187:wake-on-shake.c **** 			GIMSK = (1<<INT0) |(1<<INT1);// Enable external interrupts to wake the
 188:wake-on-shake.c **** 										//   processor up; INT0 is incoming serial
 189:wake-on-shake.c **** 										//   data, INT1 is accelerometer interrupt
 190:wake-on-shake.c **** 			loadOff();					// Turn off the load for sleepy time.
 191:wake-on-shake.c **** 			sleep_mode();				// Go to sleep until awoken by an interrupt.
 192:wake-on-shake.c **** 			EEPROMRetrieve();			// Retrieve EEPROM values, mostly to print
 193:wake-on-shake.c **** 										//   them out to the user, if the wake-up
 194:wake-on-shake.c **** 										//   was due to serial data arriving.
 195:wake-on-shake.c **** 			printMenu();
 196:wake-on-shake.c **** 			loadOn();					// Turn the load back on.
 197:wake-on-shake.c **** 		}
 198:wake-on-shake.c **** 		// Any data arriving over the serial port will trigger a serial receive
 199:wake-on-shake.c **** 		//   interrupt. If that data is non-null, serialParse() will be called to
 200:wake-on-shake.c **** 		//   deal with it.
 201:wake-on-shake.c **** 		if (serialRxData != 0) serialParse();
 202:wake-on-shake.c **** 	}
 203:wake-on-shake.c **** }
 204:wake-on-shake.c **** 
 205:wake-on-shake.c **** // Utility function which pulls the various operational paramters out of EEPROM,
 206:wake-on-shake.c **** //   puts them into SRAM, and prints them over the serial line.
 207:wake-on-shake.c **** void EEPROMRetrieve(void)
 208:wake-on-shake.c **** {
  14               		.loc 1 208 0
  15               		.cfi_startproc
  16 0000 CF93      		push r28
  17               	.LCFI0:
  18               		.cfi_def_cfa_offset 3
  19               		.cfi_offset 28, -2
  20 0002 DF93      		push r29
  21               	.LCFI1:
  22               		.cfi_def_cfa_offset 4
  23               		.cfi_offset 29, -3
  24               	/* prologue: function */
  25               	/* frame size = 0 */
  26               	/* stack size = 2 */
  27               	.L__stack_usage = 2
 209:wake-on-shake.c **** 	uint16_t threshold = EEPROMReadWord((uint8_t)ATHRESH);		// Activity threshold. See
  28               		.loc 1 209 0
  29 0004 80E0      		ldi r24,0
  30 0006 00D0      		rcall EEPROMReadWord
  31               	.LVL0:
  32 0008 EC01      		movw r28,r24
  33               	.LVL1:
 210:wake-on-shake.c **** 														//   ADXL362 datasheet for info.
 211:wake-on-shake.c **** 	t1Offset =  EEPROMReadWord((uint8_t)WAKE_OFFS);     // (65535 - t1Offset)ms elapse
  34               		.loc 1 211 0
  35 000a 82E0      		ldi r24,lo8(2)
  36               	.LVL2:
  37 000c 00D0      		rcall EEPROMReadWord
  38               	.LVL3:
  39 000e 9093 0000 		sts t1Offset+1,r25
  40 0012 8093 0000 		sts t1Offset,r24
 212:wake-on-shake.c **** 														//   between Timer1 interrupts.
 213:wake-on-shake.c **** 	serialWriteInt(threshold);							// Print threshold in human format.
  41               		.loc 1 213 0
  42 0016 CE01      		movw r24,r28
  43 0018 00D0      		rcall serialWriteInt
  44               	.LVL4:
 214:wake-on-shake.c **** 	serialWriteInt(65535 - t1Offset);					// Print the delay before sleep
  45               		.loc 1 214 0
  46 001a 8091 0000 		lds r24,t1Offset
  47 001e 9091 0000 		lds r25,t1Offset+1
  48 0022 8095      		com r24
  49 0024 9095      		com r25
  50               	/* epilogue start */
 215:wake-on-shake.c **** 														//   in human format.
 216:wake-on-shake.c **** }
  51               		.loc 1 216 0
  52 0026 DF91      		pop r29
  53 0028 CF91      		pop r28
  54               	.LVL5:
 214:wake-on-shake.c **** 	serialWriteInt(65535 - t1Offset);					// Print the delay before sleep
  55               		.loc 1 214 0
  56 002a 00C0      		rjmp serialWriteInt
  57               	.LVL6:
  58               		.cfi_endproc
  59               	.LFE1:
  61               	.global	EEPROMConfig
  63               	EEPROMConfig:
  64               	.LFB2:
 217:wake-on-shake.c **** 
 218:wake-on-shake.c **** // Configuration function for EEPROM- "erased" for the EEPROM is 65535, so we need to
 219:wake-on-shake.c **** //   change these to more manageable values the first time the board powers up, or the
 220:wake-on-shake.c **** //   sleep interrupt will happen WAY too fast and the motion threshold will be WAY too
 221:wake-on-shake.c **** //   high for practicality.
 222:wake-on-shake.c **** void EEPROMConfig(void)
 223:wake-on-shake.c **** {
  65               		.loc 1 223 0
  66               		.cfi_startproc
  67               	/* prologue: function */
  68               	/* frame size = 0 */
  69               	/* stack size = 0 */
  70               	.L__stack_usage = 0
 224:wake-on-shake.c **** 	t1Offset  = 60535;		// Corresponds to ~5s delay before going to sleep
  71               		.loc 1 224 0
  72 002c 87E7      		ldi r24,lo8(119)
  73 002e 9CEE      		ldi r25,lo8(-20)
  74 0030 9093 0000 		sts t1Offset+1,r25
  75 0034 8093 0000 		sts t1Offset,r24
 225:wake-on-shake.c **** 	// Now let's store these, along with the "key" that let's us know we've done this.
 226:wake-on-shake.c **** 	EEPROMWriteWord((uint8_t)ATHRESH, (uint16_t) 150);
  76               		.loc 1 226 0
  77 0038 66E9      		ldi r22,lo8(-106)
  78 003a 70E0      		ldi r23,0
  79 003c 80E0      		ldi r24,0
  80 003e 00D0      		rcall EEPROMWriteWord
  81               	.LVL7:
 227:wake-on-shake.c **** 	EEPROMWriteWord((uint8_t)WAKE_OFFS, (uint16_t)t1Offset);
  82               		.loc 1 227 0
  83 0040 6091 0000 		lds r22,t1Offset
  84 0044 7091 0000 		lds r23,t1Offset+1
  85 0048 82E0      		ldi r24,lo8(2)
  86 004a 00D0      		rcall EEPROMWriteWord
  87               	.LVL8:
 228:wake-on-shake.c **** 	EEPROMWriteWord((uint8_t)ITHRESH, (uint16_t)50);
  88               		.loc 1 228 0
  89 004c 62E3      		ldi r22,lo8(50)
  90 004e 70E0      		ldi r23,0
  91 0050 84E0      		ldi r24,lo8(4)
  92 0052 00D0      		rcall EEPROMWriteWord
  93               	.LVL9:
 229:wake-on-shake.c **** 	EEPROMWriteWord((uint8_t)ITIME, (uint16_t)15);
  94               		.loc 1 229 0
  95 0054 6FE0      		ldi r22,lo8(15)
  96 0056 70E0      		ldi r23,0
  97 0058 86E0      		ldi r24,lo8(6)
  98 005a 00D0      		rcall EEPROMWriteWord
  99               	.LVL10:
 230:wake-on-shake.c **** 	EEPROMWriteByte((uint8_t)KEY_ADDR, (uint8_t)KEY);
 100               		.loc 1 230 0
 101 005c 6BE7      		ldi r22,lo8(123)
 102 005e 8FE7      		ldi r24,lo8(127)
 103 0060 00C0      		rjmp EEPROMWriteByte
 104               	.LVL11:
 105               		.cfi_endproc
 106               	.LFE2:
 108               		.section	.rodata.str1.1,"aMS",@progbits,1
 109               	.LC0:
 110 0000 7A00      		.string	"z"
 111               		.section	.text.startup,"ax",@progbits
 112               	.global	main
 114               	main:
 115               	.LFB0:
  49:wake-on-shake.c **** {
 116               		.loc 1 49 0
 117               		.cfi_startproc
 118               	/* prologue: function */
 119               	/* frame size = 0 */
 120               	/* stack size = 0 */
 121               	.L__stack_usage = 0
  56:wake-on-shake.c **** 	DDRA = (1<<PA1) | (1<<PA0);
 122               		.loc 1 56 0
 123 0000 83E0      		ldi r24,lo8(3)
 124 0002 8ABB      		out 0x1a,r24
  61:wake-on-shake.c **** 	DDRB = (1<<PB7) | (1<<PB6) | (1<<PB4) | (1<<PB3) | (1<<PB2)| (1<<PB1) | (1<<PB0);
 125               		.loc 1 61 0
 126 0004 8FED      		ldi r24,lo8(-33)
 127 0006 87BB      		out 0x17,r24
  68:wake-on-shake.c **** 	DDRD = (1<<PD6) | (1<<PD5) | (1<<PD4) | (1<<PD1);
 128               		.loc 1 68 0
 129 0008 82E7      		ldi r24,lo8(114)
 130 000a 81BB      		out 0x11,r24
  73:wake-on-shake.c **** 	PORTA = (0<<PA1) | (0<<PA0);
 131               		.loc 1 73 0
 132 000c 1BBA      		out 0x1b,__zero_reg__
  76:wake-on-shake.c **** 	PORTB = (1<<PB4) | (0<<PB3) | (0<<PB2) | (0<<PB1) | (0<<PB0);
 133               		.loc 1 76 0
 134 000e 80E1      		ldi r24,lo8(16)
 135 0010 88BB      		out 0x18,r24
  81:wake-on-shake.c **** 	PORTD = (1<<PD6) | (1<<PD5) | (1<<PD2) | (1<<PD0);
 136               		.loc 1 81 0
 137 0012 85E6      		ldi r24,lo8(101)
 138 0014 82BB      		out 0x12,r24
  89:wake-on-shake.c **** 	MCUCR = (0<<ISC11) | (0<<ISC10) | (0<<ISC01) | (0<<ISC00);
 139               		.loc 1 89 0
 140 0016 15BE      		out 0x35,__zero_reg__
  92:wake-on-shake.c **** 	GIMSK = (0<<INT1) | (0<<INT0);
 141               		.loc 1 92 0
 142 0018 1BBE      		out 0x3b,__zero_reg__
 101:wake-on-shake.c **** 	USICR = (0<<USIWM1) | (1<<USIWM0) | (1<<USICS1) | (0<<USICS0) | (1<<USICLK);
 143               		.loc 1 101 0
 144 001a 8AE1      		ldi r24,lo8(26)
 145 001c 8DB9      		out 0xd,r24
 106:wake-on-shake.c **** 	USISR = (1<<USIOIF);
 146               		.loc 1 106 0
 147 001e 80E4      		ldi r24,lo8(64)
 148 0020 8EB9      		out 0xe,r24
 115:wake-on-shake.c **** 	UBRRH = 0;
 149               		.loc 1 115 0
 150 0022 12B8      		out 0x2,__zero_reg__
 116:wake-on-shake.c **** 	UBRRL = 12;
 151               		.loc 1 116 0
 152 0024 8CE0      		ldi r24,lo8(12)
 153 0026 89B9      		out 0x9,r24
 117:wake-on-shake.c **** 	UCSRA = (1<<U2X);
 154               		.loc 1 117 0
 155 0028 82E0      		ldi r24,lo8(2)
 156 002a 8BB9      		out 0xb,r24
 123:wake-on-shake.c **** 	UCSRB = (1<<RXCIE) | (1<<RXEN) | (1<<TXEN);
 157               		.loc 1 123 0
 158 002c 88E9      		ldi r24,lo8(-104)
 159 002e 8AB9      		out 0xa,r24
 127:wake-on-shake.c **** 	UCSRC = (1<<UCSZ1) | (1<<UCSZ0);
 160               		.loc 1 127 0
 161 0030 86E0      		ldi r24,lo8(6)
 162 0032 83B9      		out 0x3,r24
 134:wake-on-shake.c **** 	set_sleep_mode(SLEEP_MODE_PWR_DOWN);
 163               		.loc 1 134 0
 164 0034 85B7      		in r24,0x35
 165 0036 8065      		ori r24,lo8(80)
 166 0038 85BF      		out 0x35,r24
 138:wake-on-shake.c **** 	if (EEPROMReadByte((uint8_t)KEY_ADDR) != KEY) EEPROMConfig();
 167               		.loc 1 138 0
 168 003a 8FE7      		ldi r24,lo8(127)
 169 003c 00D0      		rcall EEPROMReadByte
 170               	.LVL12:
 171 003e 8B37      		cpi r24,lo8(123)
 172 0040 01F0      		breq .L4
 138:wake-on-shake.c **** 	if (EEPROMReadByte((uint8_t)KEY_ADDR) != KEY) EEPROMConfig();
 173               		.loc 1 138 0 is_stmt 0 discriminator 1
 174 0042 00D0      		rcall EEPROMConfig
 175               	.LVL13:
 176               	.L4:
 142:wake-on-shake.c **** 	EEPROMRetrieve();
 177               		.loc 1 142 0 is_stmt 1
 178 0044 00D0      		rcall EEPROMRetrieve
 179               	.LVL14:
 145:wake-on-shake.c **** 	ADXLConfig();
 180               		.loc 1 145 0
 181 0046 00D0      		rcall ADXLConfig
 182               	.LVL15:
 153:wake-on-shake.c **** 	TCCR1B = (1<<CS12) | (0<<CS11) | (1<<CS10);
 183               		.loc 1 153 0
 184 0048 85E0      		ldi r24,lo8(5)
 185 004a 8EBD      		out 0x2e,r24
 159:wake-on-shake.c **** 	TCNT1 = t1Offset;
 186               		.loc 1 159 0
 187 004c 8091 0000 		lds r24,t1Offset
 188 0050 9091 0000 		lds r25,t1Offset+1
 189 0054 9DBD      		out 0x2c+1,r25
 190 0056 8CBD      		out 0x2c,r24
 161:wake-on-shake.c **** 	TIMSK = (1<<TOIE1);
 191               		.loc 1 161 0
 192 0058 80E8      		ldi r24,lo8(-128)
 193 005a 89BF      		out 0x39,r24
 165:wake-on-shake.c **** 	loadOn();
 194               		.loc 1 165 0
 195 005c 949A      		sbi 0x12,4
 172:wake-on-shake.c **** 	sei();
 196               		.loc 1 172 0
 197               	/* #APP */
 198               	 ;  172 "wake-on-shake.c" 1
 199 005e 7894      		sei
 200               	 ;  0 "" 2
 177:wake-on-shake.c **** 	printMenu();
 201               		.loc 1 177 0
 202               	/* #NOAPP */
 203 0060 00D0      		rcall printMenu
 204               	.LVL16:
 187:wake-on-shake.c **** 			GIMSK = (1<<INT0) |(1<<INT1);// Enable external interrupts to wake the
 205               		.loc 1 187 0
 206 0062 C0EC      		ldi r28,lo8(-64)
 207               	.L7:
 183:wake-on-shake.c **** 		if (sleepyTime == TRUE)
 208               		.loc 1 183 0
 209 0064 8091 0000 		lds r24,sleepyTime
 210 0068 8130      		cpi r24,lo8(1)
 211 006a 01F4      		brne .L5
 185:wake-on-shake.c **** 			serialWrite("z");			// Let the user know sleep mode is coming.
 212               		.loc 1 185 0
 213 006c 80E0      		ldi r24,lo8(.LC0)
 214 006e 90E0      		ldi r25,hi8(.LC0)
 215 0070 00D0      		rcall serialWrite
 216               	.LVL17:
 186:wake-on-shake.c **** 			ADXLConfig();
 217               		.loc 1 186 0
 218 0072 00D0      		rcall ADXLConfig
 219               	.LVL18:
 187:wake-on-shake.c **** 			GIMSK = (1<<INT0) |(1<<INT1);// Enable external interrupts to wake the
 220               		.loc 1 187 0
 221 0074 CBBF      		out 0x3b,r28
 190:wake-on-shake.c **** 			loadOff();					// Turn off the load for sleepy time.
 222               		.loc 1 190 0
 223 0076 82B3      		in r24,0x12
 224 0078 12BA      		out 0x12,__zero_reg__
 191:wake-on-shake.c **** 			sleep_mode();				// Go to sleep until awoken by an interrupt.
 225               		.loc 1 191 0
 226 007a 85B7      		in r24,0x35
 227 007c 8062      		ori r24,lo8(32)
 228 007e 85BF      		out 0x35,r24
 229               	/* #APP */
 230               	 ;  191 "wake-on-shake.c" 1
 231 0080 8895      		sleep
 232               		
 233               	 ;  0 "" 2
 234               	/* #NOAPP */
 235 0082 85B7      		in r24,0x35
 236 0084 8F7D      		andi r24,lo8(-33)
 237 0086 85BF      		out 0x35,r24
 192:wake-on-shake.c **** 			EEPROMRetrieve();			// Retrieve EEPROM values, mostly to print
 238               		.loc 1 192 0
 239 0088 00D0      		rcall EEPROMRetrieve
 240               	.LVL19:
 195:wake-on-shake.c **** 			printMenu();
 241               		.loc 1 195 0
 242 008a 00D0      		rcall printMenu
 243               	.LVL20:
 196:wake-on-shake.c **** 			loadOn();					// Turn the load back on.
 244               		.loc 1 196 0
 245 008c 949A      		sbi 0x12,4
 246               	.L5:
 201:wake-on-shake.c **** 		if (serialRxData != 0) serialParse();
 247               		.loc 1 201 0
 248 008e 8091 0000 		lds r24,serialRxData
 249 0092 8823      		tst r24
 250 0094 01F0      		breq .L7
 201:wake-on-shake.c **** 		if (serialRxData != 0) serialParse();
 251               		.loc 1 201 0 is_stmt 0 discriminator 1
 252 0096 00D0      		rcall serialParse
 253               	.LVL21:
 254 0098 00C0      		rjmp .L7
 255               		.cfi_endproc
 256               	.LFE0:
 258               	.global	serialRxData
 259               		.section .bss
 262               	serialRxData:
 263 0000 00        		.zero	1
 264               	.global	sleepyTime
 267               	sleepyTime:
 268 0001 00        		.zero	1
 269               		.comm	t1Offset,2,1
 270               		.text
 271               	.Letext0:
 272               		.file 2 "/usr/local/CrossPack-AVR-20131216/avr/include/stdint.h"
 273               		.file 3 "serial.h"
 274               		.file 4 "eeprom.h"
 275               		.file 5 "ADXL362.h"
 276               		.file 6 "ui.h"
DEFINED SYMBOLS
                            *ABS*:00000000 wake-on-shake.c
/var/folders/jy/pkqnkk1s5x97h68j2fkh30vh0000gq/T//ccWWEVmB.s:2      *ABS*:0000003d __SP_L__
/var/folders/jy/pkqnkk1s5x97h68j2fkh30vh0000gq/T//ccWWEVmB.s:3      *ABS*:0000003f __SREG__
/var/folders/jy/pkqnkk1s5x97h68j2fkh30vh0000gq/T//ccWWEVmB.s:4      *ABS*:00000000 __tmp_reg__
/var/folders/jy/pkqnkk1s5x97h68j2fkh30vh0000gq/T//ccWWEVmB.s:5      *ABS*:00000001 __zero_reg__
/var/folders/jy/pkqnkk1s5x97h68j2fkh30vh0000gq/T//ccWWEVmB.s:11     .text:00000000 EEPROMRetrieve
                            *COM*:00000002 t1Offset
/var/folders/jy/pkqnkk1s5x97h68j2fkh30vh0000gq/T//ccWWEVmB.s:63     .text:0000002c EEPROMConfig
/var/folders/jy/pkqnkk1s5x97h68j2fkh30vh0000gq/T//ccWWEVmB.s:114    .text.startup:00000000 main
/var/folders/jy/pkqnkk1s5x97h68j2fkh30vh0000gq/T//ccWWEVmB.s:267    .bss:00000001 sleepyTime
/var/folders/jy/pkqnkk1s5x97h68j2fkh30vh0000gq/T//ccWWEVmB.s:262    .bss:00000000 serialRxData

UNDEFINED SYMBOLS
EEPROMReadWord
serialWriteInt
EEPROMWriteWord
EEPROMWriteByte
EEPROMReadByte
ADXLConfig
printMenu
serialWrite
serialParse
__do_copy_data
__do_clear_bss
